  Game.cpp
  main.cpp
D:\Programming\C++\GEC\HAPI_Start\HAPI_Start\main.cpp(9,12): warning C4244: 'argument': conversion from 'time_t' to 'unsigned int', possible loss of data
  Star.cpp
  Generating Code...
HAPI_Debug64.lib(Error.obj) : warning LNK4099: PDB 'HAPI_LIB.pdb' was not found with 'HAPI_Debug64.lib(Error.obj)' or at 'D:\Programming\C++\GEC\HAPI_Start\x64\Debug\HAPI_LIB.pdb'; linking object as if no debug info
HAPI_Debug64.lib(HapiCore.obj) : warning LNK4099: PDB 'HAPI_LIB.pdb' was not found with 'HAPI_Debug64.lib(HapiCore.obj)' or at 'D:\Programming\C++\GEC\HAPI_Start\x64\Debug\HAPI_LIB.pdb'; linking object as if no debug info
HAPI_Debug64.lib(HapiMain.obj) : warning LNK4099: PDB 'HAPI_LIB.pdb' was not found with 'HAPI_Debug64.lib(HapiMain.obj)' or at 'D:\Programming\C++\GEC\HAPI_Start\x64\Debug\HAPI_LIB.pdb'; linking object as if no debug info
HAPI_Debug64.lib(HapiOsSFML.obj) : warning LNK4099: PDB 'HAPI_LIB.pdb' was not found with 'HAPI_Debug64.lib(HapiOsSFML.obj)' or at 'D:\Programming\C++\GEC\HAPI_Start\x64\Debug\HAPI_LIB.pdb'; linking object as if no debug info
HAPI_Debug64.lib(HapiRendererSFML.obj) : warning LNK4099: PDB 'HAPI_LIB.pdb' was not found with 'HAPI_Debug64.lib(HapiRendererSFML.obj)' or at 'D:\Programming\C++\GEC\HAPI_Start\x64\Debug\HAPI_LIB.pdb'; linking object as if no debug info
HAPI_Debug64.lib(HapiSoundSFML.obj) : warning LNK4099: PDB 'HAPI_LIB.pdb' was not found with 'HAPI_Debug64.lib(HapiSoundSFML.obj)' or at 'D:\Programming\C++\GEC\HAPI_Start\x64\Debug\HAPI_LIB.pdb'; linking object as if no debug info
HAPI_Debug64.lib(HapiXInput.obj) : warning LNK4099: PDB 'HAPI_LIB.pdb' was not found with 'HAPI_Debug64.lib(HapiXInput.obj)' or at 'D:\Programming\C++\GEC\HAPI_Start\x64\Debug\HAPI_LIB.pdb'; linking object as if no debug info
HAPI_Debug64.lib(PerfCounters.obj) : warning LNK4099: PDB 'HAPI_LIB.pdb' was not found with 'HAPI_Debug64.lib(PerfCounters.obj)' or at 'D:\Programming\C++\GEC\HAPI_Start\x64\Debug\HAPI_LIB.pdb'; linking object as if no debug info
HAPI_Debug64.lib(SFMLFontManager.obj) : warning LNK4099: PDB 'HAPI_LIB.pdb' was not found with 'HAPI_Debug64.lib(SFMLFontManager.obj)' or at 'D:\Programming\C++\GEC\HAPI_Start\x64\Debug\HAPI_LIB.pdb'; linking object as if no debug info
HAPI_Debug64.lib(bitreader.obj) : warning LNK4099: PDB 'HAPI_LIB.pdb' was not found with 'HAPI_Debug64.lib(bitreader.obj)' or at 'D:\Programming\C++\GEC\HAPI_Start\x64\Debug\HAPI_LIB.pdb'; linking object as if no debug info
HAPI_Debug64.lib(bitwriter.obj) : warning LNK4099: PDB 'HAPI_LIB.pdb' was not found with 'HAPI_Debug64.lib(bitwriter.obj)' or at 'D:\Programming\C++\GEC\HAPI_Start\x64\Debug\HAPI_LIB.pdb'; linking object as if no debug info
HAPI_Debug64.lib(cpu.obj) : warning LNK4099: PDB 'HAPI_LIB.pdb' was not found with 'HAPI_Debug64.lib(cpu.obj)' or at 'D:\Programming\C++\GEC\HAPI_Start\x64\Debug\HAPI_LIB.pdb'; linking object as if no debug info
HAPI_Debug64.lib(crc.obj) : warning LNK4099: PDB 'HAPI_LIB.pdb' was not found with 'HAPI_Debug64.lib(crc.obj)' or at 'D:\Programming\C++\GEC\HAPI_Start\x64\Debug\HAPI_LIB.pdb'; linking object as if no debug info
HAPI_Debug64.lib(fixed.obj) : warning LNK4099: PDB 'HAPI_LIB.pdb' was not found with 'HAPI_Debug64.lib(fixed.obj)' or at 'D:\Programming\C++\GEC\HAPI_Start\x64\Debug\HAPI_LIB.pdb'; linking object as if no debug info
HAPI_Debug64.lib(fixed_intrin_sse2.obj) : warning LNK4099: PDB 'HAPI_LIB.pdb' was not found with 'HAPI_Debug64.lib(fixed_intrin_sse2.obj)' or at 'D:\Programming\C++\GEC\HAPI_Start\x64\Debug\HAPI_LIB.pdb'; linking object as if no debug info
HAPI_Debug64.lib(fixed_intrin_ssse3.obj) : warning LNK4099: PDB 'HAPI_LIB.pdb' was not found with 'HAPI_Debug64.lib(fixed_intrin_ssse3.obj)' or at 'D:\Programming\C++\GEC\HAPI_Start\x64\Debug\HAPI_LIB.pdb'; linking object as if no debug info
HAPI_Debug64.lib(format.obj) : warning LNK4099: PDB 'HAPI_LIB.pdb' was not found with 'HAPI_Debug64.lib(format.obj)' or at 'D:\Programming\C++\GEC\HAPI_Start\x64\Debug\HAPI_LIB.pdb'; linking object as if no debug info
HAPI_Debug64.lib(lpcKD.obj) : warning LNK4099: PDB 'HAPI_LIB.pdb' was not found with 'HAPI_Debug64.lib(lpcKD.obj)' or at 'D:\Programming\C++\GEC\HAPI_Start\x64\Debug\HAPI_LIB.pdb'; linking object as if no debug info
HAPI_Debug64.lib(lpc_intrin_avx2.obj) : warning LNK4099: PDB 'HAPI_LIB.pdb' was not found with 'HAPI_Debug64.lib(lpc_intrin_avx2.obj)' or at 'D:\Programming\C++\GEC\HAPI_Start\x64\Debug\HAPI_LIB.pdb'; linking object as if no debug info
HAPI_Debug64.lib(lpc_intrin_sse.obj) : warning LNK4099: PDB 'HAPI_LIB.pdb' was not found with 'HAPI_Debug64.lib(lpc_intrin_sse.obj)' or at 'D:\Programming\C++\GEC\HAPI_Start\x64\Debug\HAPI_LIB.pdb'; linking object as if no debug info
HAPI_Debug64.lib(lpc_intrin_sse2.obj) : warning LNK4099: PDB 'HAPI_LIB.pdb' was not found with 'HAPI_Debug64.lib(lpc_intrin_sse2.obj)' or at 'D:\Programming\C++\GEC\HAPI_Start\x64\Debug\HAPI_LIB.pdb'; linking object as if no debug info
HAPI_Debug64.lib(lpc_intrin_sse41.obj) : warning LNK4099: PDB 'HAPI_LIB.pdb' was not found with 'HAPI_Debug64.lib(lpc_intrin_sse41.obj)' or at 'D:\Programming\C++\GEC\HAPI_Start\x64\Debug\HAPI_LIB.pdb'; linking object as if no debug info
HAPI_Debug64.lib(md5.obj) : warning LNK4099: PDB 'HAPI_LIB.pdb' was not found with 'HAPI_Debug64.lib(md5.obj)' or at 'D:\Programming\C++\GEC\HAPI_Start\x64\Debug\HAPI_LIB.pdb'; linking object as if no debug info
HAPI_Debug64.lib(memory.obj) : warning LNK4099: PDB 'HAPI_LIB.pdb' was not found with 'HAPI_Debug64.lib(memory.obj)' or at 'D:\Programming\C++\GEC\HAPI_Start\x64\Debug\HAPI_LIB.pdb'; linking object as if no debug info
HAPI_Debug64.lib(ogg_decoder_aspect.obj) : warning LNK4099: PDB 'HAPI_LIB.pdb' was not found with 'HAPI_Debug64.lib(ogg_decoder_aspect.obj)' or at 'D:\Programming\C++\GEC\HAPI_Start\x64\Debug\HAPI_LIB.pdb'; linking object as if no debug info
HAPI_Debug64.lib(ogg_encoder_aspect.obj) : warning LNK4099: PDB 'HAPI_LIB.pdb' was not found with 'HAPI_Debug64.lib(ogg_encoder_aspect.obj)' or at 'D:\Programming\C++\GEC\HAPI_Start\x64\Debug\HAPI_LIB.pdb'; linking object as if no debug info
HAPI_Debug64.lib(ogg_helper.obj) : warning LNK4099: PDB 'HAPI_LIB.pdb' was not found with 'HAPI_Debug64.lib(ogg_helper.obj)' or at 'D:\Programming\C++\GEC\HAPI_Start\x64\Debug\HAPI_LIB.pdb'; linking object as if no debug info
HAPI_Debug64.lib(ogg_mapping.obj) : warning LNK4099: PDB 'HAPI_LIB.pdb' was not found with 'HAPI_Debug64.lib(ogg_mapping.obj)' or at 'D:\Programming\C++\GEC\HAPI_Start\x64\Debug\HAPI_LIB.pdb'; linking object as if no debug info
HAPI_Debug64.lib(stream_decoderKD.obj) : warning LNK4099: PDB 'HAPI_LIB.pdb' was not found with 'HAPI_Debug64.lib(stream_decoderKD.obj)' or at 'D:\Programming\C++\GEC\HAPI_Start\x64\Debug\HAPI_LIB.pdb'; linking object as if no debug info
HAPI_Debug64.lib(stream_encoderKD.obj) : warning LNK4099: PDB 'HAPI_LIB.pdb' was not found with 'HAPI_Debug64.lib(stream_encoderKD.obj)' or at 'D:\Programming\C++\GEC\HAPI_Start\x64\Debug\HAPI_LIB.pdb'; linking object as if no debug info
HAPI_Debug64.lib(stream_encoder_framing.obj) : warning LNK4099: PDB 'HAPI_LIB.pdb' was not found with 'HAPI_Debug64.lib(stream_encoder_framing.obj)' or at 'D:\Programming\C++\GEC\HAPI_Start\x64\Debug\HAPI_LIB.pdb'; linking object as if no debug info
HAPI_Debug64.lib(stream_encoder_intrin_avx2.obj) : warning LNK4099: PDB 'HAPI_LIB.pdb' was not found with 'HAPI_Debug64.lib(stream_encoder_intrin_avx2.obj)' or at 'D:\Programming\C++\GEC\HAPI_Start\x64\Debug\HAPI_LIB.pdb'; linking object as if no debug info
HAPI_Debug64.lib(stream_encoder_intrin_sse2.obj) : warning LNK4099: PDB 'HAPI_LIB.pdb' was not found with 'HAPI_Debug64.lib(stream_encoder_intrin_sse2.obj)' or at 'D:\Programming\C++\GEC\HAPI_Start\x64\Debug\HAPI_LIB.pdb'; linking object as if no debug info
HAPI_Debug64.lib(stream_encoder_intrin_ssse3.obj) : warning LNK4099: PDB 'HAPI_LIB.pdb' was not found with 'HAPI_Debug64.lib(stream_encoder_intrin_ssse3.obj)' or at 'D:\Programming\C++\GEC\HAPI_Start\x64\Debug\HAPI_LIB.pdb'; linking object as if no debug info
HAPI_Debug64.lib(windowKD.obj) : warning LNK4099: PDB 'HAPI_LIB.pdb' was not found with 'HAPI_Debug64.lib(windowKD.obj)' or at 'D:\Programming\C++\GEC\HAPI_Start\x64\Debug\HAPI_LIB.pdb'; linking object as if no debug info
HAPI_Debug64.lib(windows_unicode_filenames.obj) : warning LNK4099: PDB 'HAPI_LIB.pdb' was not found with 'HAPI_Debug64.lib(windows_unicode_filenames.obj)' or at 'D:\Programming\C++\GEC\HAPI_Start\x64\Debug\HAPI_LIB.pdb'; linking object as if no debug info
HAPI_Debug64.lib(bitwise.obj) : warning LNK4099: PDB 'HAPI_LIB.pdb' was not found with 'HAPI_Debug64.lib(bitwise.obj)' or at 'D:\Programming\C++\GEC\HAPI_Start\x64\Debug\HAPI_LIB.pdb'; linking object as if no debug info
HAPI_Debug64.lib(framing.obj) : warning LNK4099: PDB 'HAPI_LIB.pdb' was not found with 'HAPI_Debug64.lib(framing.obj)' or at 'D:\Programming\C++\GEC\HAPI_Start\x64\Debug\HAPI_LIB.pdb'; linking object as if no debug info
HAPI_Debug64.lib(analysis.obj) : warning LNK4099: PDB 'HAPI_LIB.pdb' was not found with 'HAPI_Debug64.lib(analysis.obj)' or at 'D:\Programming\C++\GEC\HAPI_Start\x64\Debug\HAPI_LIB.pdb'; linking object as if no debug info
HAPI_Debug64.lib(bitrate.obj) : warning LNK4099: PDB 'HAPI_LIB.pdb' was not found with 'HAPI_Debug64.lib(bitrate.obj)' or at 'D:\Programming\C++\GEC\HAPI_Start\x64\Debug\HAPI_LIB.pdb'; linking object as if no debug info
HAPI_Debug64.lib(block.obj) : warning LNK4099: PDB 'HAPI_LIB.pdb' was not found with 'HAPI_Debug64.lib(block.obj)' or at 'D:\Programming\C++\GEC\HAPI_Start\x64\Debug\HAPI_LIB.pdb'; linking object as if no debug info
HAPI_Debug64.lib(codebook.obj) : warning LNK4099: PDB 'HAPI_LIB.pdb' was not found with 'HAPI_Debug64.lib(codebook.obj)' or at 'D:\Programming\C++\GEC\HAPI_Start\x64\Debug\HAPI_LIB.pdb'; linking object as if no debug info
HAPI_Debug64.lib(envelope.obj) : warning LNK4099: PDB 'HAPI_LIB.pdb' was not found with 'HAPI_Debug64.lib(envelope.obj)' or at 'D:\Programming\C++\GEC\HAPI_Start\x64\Debug\HAPI_LIB.pdb'; linking object as if no debug info
HAPI_Debug64.lib(floor0.obj) : warning LNK4099: PDB 'HAPI_LIB.pdb' was not found with 'HAPI_Debug64.lib(floor0.obj)' or at 'D:\Programming\C++\GEC\HAPI_Start\x64\Debug\HAPI_LIB.pdb'; linking object as if no debug info
HAPI_Debug64.lib(floor1.obj) : warning LNK4099: PDB 'HAPI_LIB.pdb' was not found with 'HAPI_Debug64.lib(floor1.obj)' or at 'D:\Programming\C++\GEC\HAPI_Start\x64\Debug\HAPI_LIB.pdb'; linking object as if no debug info
HAPI_Debug64.lib(info.obj) : warning LNK4099: PDB 'HAPI_LIB.pdb' was not found with 'HAPI_Debug64.lib(info.obj)' or at 'D:\Programming\C++\GEC\HAPI_Start\x64\Debug\HAPI_LIB.pdb'; linking object as if no debug info
HAPI_Debug64.lib(lpc.obj) : warning LNK4099: PDB 'HAPI_LIB.pdb' was not found with 'HAPI_Debug64.lib(lpc.obj)' or at 'D:\Programming\C++\GEC\HAPI_Start\x64\Debug\HAPI_LIB.pdb'; linking object as if no debug info
HAPI_Debug64.lib(lsp.obj) : warning LNK4099: PDB 'HAPI_LIB.pdb' was not found with 'HAPI_Debug64.lib(lsp.obj)' or at 'D:\Programming\C++\GEC\HAPI_Start\x64\Debug\HAPI_LIB.pdb'; linking object as if no debug info
HAPI_Debug64.lib(mapping0.obj) : warning LNK4099: PDB 'HAPI_LIB.pdb' was not found with 'HAPI_Debug64.lib(mapping0.obj)' or at 'D:\Programming\C++\GEC\HAPI_Start\x64\Debug\HAPI_LIB.pdb'; linking object as if no debug info
HAPI_Debug64.lib(mdct.obj) : warning LNK4099: PDB 'HAPI_LIB.pdb' was not found with 'HAPI_Debug64.lib(mdct.obj)' or at 'D:\Programming\C++\GEC\HAPI_Start\x64\Debug\HAPI_LIB.pdb'; linking object as if no debug info
HAPI_Debug64.lib(psy.obj) : warning LNK4099: PDB 'HAPI_LIB.pdb' was not found with 'HAPI_Debug64.lib(psy.obj)' or at 'D:\Programming\C++\GEC\HAPI_Start\x64\Debug\HAPI_LIB.pdb'; linking object as if no debug info
HAPI_Debug64.lib(registry.obj) : warning LNK4099: PDB 'HAPI_LIB.pdb' was not found with 'HAPI_Debug64.lib(registry.obj)' or at 'D:\Programming\C++\GEC\HAPI_Start\x64\Debug\HAPI_LIB.pdb'; linking object as if no debug info
HAPI_Debug64.lib(res0.obj) : warning LNK4099: PDB 'HAPI_LIB.pdb' was not found with 'HAPI_Debug64.lib(res0.obj)' or at 'D:\Programming\C++\GEC\HAPI_Start\x64\Debug\HAPI_LIB.pdb'; linking object as if no debug info
HAPI_Debug64.lib(sharedbook.obj) : warning LNK4099: PDB 'HAPI_LIB.pdb' was not found with 'HAPI_Debug64.lib(sharedbook.obj)' or at 'D:\Programming\C++\GEC\HAPI_Start\x64\Debug\HAPI_LIB.pdb'; linking object as if no debug info
HAPI_Debug64.lib(smallft.obj) : warning LNK4099: PDB 'HAPI_LIB.pdb' was not found with 'HAPI_Debug64.lib(smallft.obj)' or at 'D:\Programming\C++\GEC\HAPI_Start\x64\Debug\HAPI_LIB.pdb'; linking object as if no debug info
HAPI_Debug64.lib(synthesis.obj) : warning LNK4099: PDB 'HAPI_LIB.pdb' was not found with 'HAPI_Debug64.lib(synthesis.obj)' or at 'D:\Programming\C++\GEC\HAPI_Start\x64\Debug\HAPI_LIB.pdb'; linking object as if no debug info
HAPI_Debug64.lib(vorbisenc.obj) : warning LNK4099: PDB 'HAPI_LIB.pdb' was not found with 'HAPI_Debug64.lib(vorbisenc.obj)' or at 'D:\Programming\C++\GEC\HAPI_Start\x64\Debug\HAPI_LIB.pdb'; linking object as if no debug info
HAPI_Debug64.lib(vorbisfile.obj) : warning LNK4099: PDB 'HAPI_LIB.pdb' was not found with 'HAPI_Debug64.lib(vorbisfile.obj)' or at 'D:\Programming\C++\GEC\HAPI_Start\x64\Debug\HAPI_LIB.pdb'; linking object as if no debug info
HAPI_Debug64.lib(windowKD2.obj) : warning LNK4099: PDB 'HAPI_LIB.pdb' was not found with 'HAPI_Debug64.lib(windowKD2.obj)' or at 'D:\Programming\C++\GEC\HAPI_Start\x64\Debug\HAPI_LIB.pdb'; linking object as if no debug info
HAPI_Debug64.lib(ALCheck.obj) : warning LNK4099: PDB 'HAPI_LIB.pdb' was not found with 'HAPI_Debug64.lib(ALCheck.obj)' or at 'D:\Programming\C++\GEC\HAPI_Start\x64\Debug\HAPI_LIB.pdb'; linking object as if no debug info
HAPI_Debug64.lib(AlResource.obj) : warning LNK4099: PDB 'HAPI_LIB.pdb' was not found with 'HAPI_Debug64.lib(AlResource.obj)' or at 'D:\Programming\C++\GEC\HAPI_Start\x64\Debug\HAPI_LIB.pdb'; linking object as if no debug info
HAPI_Debug64.lib(AudioDevice.obj) : warning LNK4099: PDB 'HAPI_LIB.pdb' was not found with 'HAPI_Debug64.lib(AudioDevice.obj)' or at 'D:\Programming\C++\GEC\HAPI_Start\x64\Debug\HAPI_LIB.pdb'; linking object as if no debug info
HAPI_Debug64.lib(InputSoundFile.obj) : warning LNK4099: PDB 'HAPI_LIB.pdb' was not found with 'HAPI_Debug64.lib(InputSoundFile.obj)' or at 'D:\Programming\C++\GEC\HAPI_Start\x64\Debug\HAPI_LIB.pdb'; linking object as if no debug info
HAPI_Debug64.lib(Music.obj) : warning LNK4099: PDB 'HAPI_LIB.pdb' was not found with 'HAPI_Debug64.lib(Music.obj)' or at 'D:\Programming\C++\GEC\HAPI_Start\x64\Debug\HAPI_LIB.pdb'; linking object as if no debug info
HAPI_Debug64.lib(OutputSoundFile.obj) : warning LNK4099: PDB 'HAPI_LIB.pdb' was not found with 'HAPI_Debug64.lib(OutputSoundFile.obj)' or at 'D:\Programming\C++\GEC\HAPI_Start\x64\Debug\HAPI_LIB.pdb'; linking object as if no debug info
HAPI_Debug64.lib(Sound.obj) : warning LNK4099: PDB 'HAPI_LIB.pdb' was not found with 'HAPI_Debug64.lib(Sound.obj)' or at 'D:\Programming\C++\GEC\HAPI_Start\x64\Debug\HAPI_LIB.pdb'; linking object as if no debug info
HAPI_Debug64.lib(SoundBuffer.obj) : warning LNK4099: PDB 'HAPI_LIB.pdb' was not found with 'HAPI_Debug64.lib(SoundBuffer.obj)' or at 'D:\Programming\C++\GEC\HAPI_Start\x64\Debug\HAPI_LIB.pdb'; linking object as if no debug info
HAPI_Debug64.lib(SoundFileFactory.obj) : warning LNK4099: PDB 'HAPI_LIB.pdb' was not found with 'HAPI_Debug64.lib(SoundFileFactory.obj)' or at 'D:\Programming\C++\GEC\HAPI_Start\x64\Debug\HAPI_LIB.pdb'; linking object as if no debug info
HAPI_Debug64.lib(SoundFileReaderFlac.obj) : warning LNK4099: PDB 'HAPI_LIB.pdb' was not found with 'HAPI_Debug64.lib(SoundFileReaderFlac.obj)' or at 'D:\Programming\C++\GEC\HAPI_Start\x64\Debug\HAPI_LIB.pdb'; linking object as if no debug info
HAPI_Debug64.lib(SoundFileReaderOgg.obj) : warning LNK4099: PDB 'HAPI_LIB.pdb' was not found with 'HAPI_Debug64.lib(SoundFileReaderOgg.obj)' or at 'D:\Programming\C++\GEC\HAPI_Start\x64\Debug\HAPI_LIB.pdb'; linking object as if no debug info
HAPI_Debug64.lib(SoundFileReaderWav.obj) : warning LNK4099: PDB 'HAPI_LIB.pdb' was not found with 'HAPI_Debug64.lib(SoundFileReaderWav.obj)' or at 'D:\Programming\C++\GEC\HAPI_Start\x64\Debug\HAPI_LIB.pdb'; linking object as if no debug info
HAPI_Debug64.lib(SoundFileWriterFlac.obj) : warning LNK4099: PDB 'HAPI_LIB.pdb' was not found with 'HAPI_Debug64.lib(SoundFileWriterFlac.obj)' or at 'D:\Programming\C++\GEC\HAPI_Start\x64\Debug\HAPI_LIB.pdb'; linking object as if no debug info
HAPI_Debug64.lib(SoundFileWriterOgg.obj) : warning LNK4099: PDB 'HAPI_LIB.pdb' was not found with 'HAPI_Debug64.lib(SoundFileWriterOgg.obj)' or at 'D:\Programming\C++\GEC\HAPI_Start\x64\Debug\HAPI_LIB.pdb'; linking object as if no debug info
HAPI_Debug64.lib(SoundFileWriterWav.obj) : warning LNK4099: PDB 'HAPI_LIB.pdb' was not found with 'HAPI_Debug64.lib(SoundFileWriterWav.obj)' or at 'D:\Programming\C++\GEC\HAPI_Start\x64\Debug\HAPI_LIB.pdb'; linking object as if no debug info
HAPI_Debug64.lib(SoundSource.obj) : warning LNK4099: PDB 'HAPI_LIB.pdb' was not found with 'HAPI_Debug64.lib(SoundSource.obj)' or at 'D:\Programming\C++\GEC\HAPI_Start\x64\Debug\HAPI_LIB.pdb'; linking object as if no debug info
HAPI_Debug64.lib(SoundStream.obj) : warning LNK4099: PDB 'HAPI_LIB.pdb' was not found with 'HAPI_Debug64.lib(SoundStream.obj)' or at 'D:\Programming\C++\GEC\HAPI_Start\x64\Debug\HAPI_LIB.pdb'; linking object as if no debug info
HAPI_Debug64.lib(BlendMode.obj) : warning LNK4099: PDB 'HAPI_LIB.pdb' was not found with 'HAPI_Debug64.lib(BlendMode.obj)' or at 'D:\Programming\C++\GEC\HAPI_Start\x64\Debug\HAPI_LIB.pdb'; linking object as if no debug info
HAPI_Debug64.lib(Color.obj) : warning LNK4099: PDB 'HAPI_LIB.pdb' was not found with 'HAPI_Debug64.lib(Color.obj)' or at 'D:\Programming\C++\GEC\HAPI_Start\x64\Debug\HAPI_LIB.pdb'; linking object as if no debug info
HAPI_Debug64.lib(Font.obj) : warning LNK4099: PDB 'HAPI_LIB.pdb' was not found with 'HAPI_Debug64.lib(Font.obj)' or at 'D:\Programming\C++\GEC\HAPI_Start\x64\Debug\HAPI_LIB.pdb'; linking object as if no debug info
HAPI_Debug64.lib(GLCheck.obj) : warning LNK4099: PDB 'HAPI_LIB.pdb' was not found with 'HAPI_Debug64.lib(GLCheck.obj)' or at 'D:\Programming\C++\GEC\HAPI_Start\x64\Debug\HAPI_LIB.pdb'; linking object as if no debug info
HAPI_Debug64.lib(GLExtensions.obj) : warning LNK4099: PDB 'HAPI_LIB.pdb' was not found with 'HAPI_Debug64.lib(GLExtensions.obj)' or at 'D:\Programming\C++\GEC\HAPI_Start\x64\Debug\HAPI_LIB.pdb'; linking object as if no debug info
HAPI_Debug64.lib(GLLoader.obj) : warning LNK4099: PDB 'HAPI_LIB.pdb' was not found with 'HAPI_Debug64.lib(GLLoader.obj)' or at 'D:\Programming\C++\GEC\HAPI_Start\x64\Debug\HAPI_LIB.pdb'; linking object as if no debug info
HAPI_Debug64.lib(Glsl.obj) : warning LNK4099: PDB 'HAPI_LIB.pdb' was not found with 'HAPI_Debug64.lib(Glsl.obj)' or at 'D:\Programming\C++\GEC\HAPI_Start\x64\Debug\HAPI_LIB.pdb'; linking object as if no debug info
HAPI_Debug64.lib(Image.obj) : warning LNK4099: PDB 'HAPI_LIB.pdb' was not found with 'HAPI_Debug64.lib(Image.obj)' or at 'D:\Programming\C++\GEC\HAPI_Start\x64\Debug\HAPI_LIB.pdb'; linking object as if no debug info
HAPI_Debug64.lib(ImageLoader.obj) : warning LNK4099: PDB 'HAPI_LIB.pdb' was not found with 'HAPI_Debug64.lib(ImageLoader.obj)' or at 'D:\Programming\C++\GEC\HAPI_Start\x64\Debug\HAPI_LIB.pdb'; linking object as if no debug info
HAPI_Debug64.lib(RenderStates.obj) : warning LNK4099: PDB 'HAPI_LIB.pdb' was not found with 'HAPI_Debug64.lib(RenderStates.obj)' or at 'D:\Programming\C++\GEC\HAPI_Start\x64\Debug\HAPI_LIB.pdb'; linking object as if no debug info
HAPI_Debug64.lib(RenderTarget.obj) : warning LNK4099: PDB 'HAPI_LIB.pdb' was not found with 'HAPI_Debug64.lib(RenderTarget.obj)' or at 'D:\Programming\C++\GEC\HAPI_Start\x64\Debug\HAPI_LIB.pdb'; linking object as if no debug info
HAPI_Debug64.lib(RenderTextureImpl.obj) : warning LNK4099: PDB 'HAPI_LIB.pdb' was not found with 'HAPI_Debug64.lib(RenderTextureImpl.obj)' or at 'D:\Programming\C++\GEC\HAPI_Start\x64\Debug\HAPI_LIB.pdb'; linking object as if no debug info
HAPI_Debug64.lib(RenderTextureImplFBO.obj) : warning LNK4099: PDB 'HAPI_LIB.pdb' was not found with 'HAPI_Debug64.lib(RenderTextureImplFBO.obj)' or at 'D:\Programming\C++\GEC\HAPI_Start\x64\Debug\HAPI_LIB.pdb'; linking object as if no debug info
HAPI_Debug64.lib(RenderWindow.obj) : warning LNK4099: PDB 'HAPI_LIB.pdb' was not found with 'HAPI_Debug64.lib(RenderWindow.obj)' or at 'D:\Programming\C++\GEC\HAPI_Start\x64\Debug\HAPI_LIB.pdb'; linking object as if no debug info
HAPI_Debug64.lib(Shader.obj) : warning LNK4099: PDB 'HAPI_LIB.pdb' was not found with 'HAPI_Debug64.lib(Shader.obj)' or at 'D:\Programming\C++\GEC\HAPI_Start\x64\Debug\HAPI_LIB.pdb'; linking object as if no debug info
HAPI_Debug64.lib(Sprite.obj) : warning LNK4099: PDB 'HAPI_LIB.pdb' was not found with 'HAPI_Debug64.lib(Sprite.obj)' or at 'D:\Programming\C++\GEC\HAPI_Start\x64\Debug\HAPI_LIB.pdb'; linking object as if no debug info
HAPI_Debug64.lib(Text.obj) : warning LNK4099: PDB 'HAPI_LIB.pdb' was not found with 'HAPI_Debug64.lib(Text.obj)' or at 'D:\Programming\C++\GEC\HAPI_Start\x64\Debug\HAPI_LIB.pdb'; linking object as if no debug info
HAPI_Debug64.lib(Texture.obj) : warning LNK4099: PDB 'HAPI_LIB.pdb' was not found with 'HAPI_Debug64.lib(Texture.obj)' or at 'D:\Programming\C++\GEC\HAPI_Start\x64\Debug\HAPI_LIB.pdb'; linking object as if no debug info
HAPI_Debug64.lib(TextureSaver.obj) : warning LNK4099: PDB 'HAPI_LIB.pdb' was not found with 'HAPI_Debug64.lib(TextureSaver.obj)' or at 'D:\Programming\C++\GEC\HAPI_Start\x64\Debug\HAPI_LIB.pdb'; linking object as if no debug info
HAPI_Debug64.lib(Transform.obj) : warning LNK4099: PDB 'HAPI_LIB.pdb' was not found with 'HAPI_Debug64.lib(Transform.obj)' or at 'D:\Programming\C++\GEC\HAPI_Start\x64\Debug\HAPI_LIB.pdb'; linking object as if no debug info
HAPI_Debug64.lib(Transformable.obj) : warning LNK4099: PDB 'HAPI_LIB.pdb' was not found with 'HAPI_Debug64.lib(Transformable.obj)' or at 'D:\Programming\C++\GEC\HAPI_Start\x64\Debug\HAPI_LIB.pdb'; linking object as if no debug info
HAPI_Debug64.lib(Vertex.obj) : warning LNK4099: PDB 'HAPI_LIB.pdb' was not found with 'HAPI_Debug64.lib(Vertex.obj)' or at 'D:\Programming\C++\GEC\HAPI_Start\x64\Debug\HAPI_LIB.pdb'; linking object as if no debug info
HAPI_Debug64.lib(VertexArray.obj) : warning LNK4099: PDB 'HAPI_LIB.pdb' was not found with 'HAPI_Debug64.lib(VertexArray.obj)' or at 'D:\Programming\C++\GEC\HAPI_Start\x64\Debug\HAPI_LIB.pdb'; linking object as if no debug info
HAPI_Debug64.lib(VertexBuffer.obj) : warning LNK4099: PDB 'HAPI_LIB.pdb' was not found with 'HAPI_Debug64.lib(VertexBuffer.obj)' or at 'D:\Programming\C++\GEC\HAPI_Start\x64\Debug\HAPI_LIB.pdb'; linking object as if no debug info
HAPI_Debug64.lib(View.obj) : warning LNK4099: PDB 'HAPI_LIB.pdb' was not found with 'HAPI_Debug64.lib(View.obj)' or at 'D:\Programming\C++\GEC\HAPI_Start\x64\Debug\HAPI_LIB.pdb'; linking object as if no debug info
HAPI_Debug64.lib(MainWin32.obj) : warning LNK4099: PDB 'HAPI_LIB.pdb' was not found with 'HAPI_Debug64.lib(MainWin32.obj)' or at 'D:\Programming\C++\GEC\HAPI_Start\x64\Debug\HAPI_LIB.pdb'; linking object as if no debug info
HAPI_Debug64.lib(Clock.obj) : warning LNK4099: PDB 'HAPI_LIB.pdb' was not found with 'HAPI_Debug64.lib(Clock.obj)' or at 'D:\Programming\C++\GEC\HAPI_Start\x64\Debug\HAPI_LIB.pdb'; linking object as if no debug info
HAPI_Debug64.lib(Err.obj) : warning LNK4099: PDB 'HAPI_LIB.pdb' was not found with 'HAPI_Debug64.lib(Err.obj)' or at 'D:\Programming\C++\GEC\HAPI_Start\x64\Debug\HAPI_LIB.pdb'; linking object as if no debug info
HAPI_Debug64.lib(FileInputStream.obj) : warning LNK4099: PDB 'HAPI_LIB.pdb' was not found with 'HAPI_Debug64.lib(FileInputStream.obj)' or at 'D:\Programming\C++\GEC\HAPI_Start\x64\Debug\HAPI_LIB.pdb'; linking object as if no debug info
HAPI_Debug64.lib(Lock.obj) : warning LNK4099: PDB 'HAPI_LIB.pdb' was not found with 'HAPI_Debug64.lib(Lock.obj)' or at 'D:\Programming\C++\GEC\HAPI_Start\x64\Debug\HAPI_LIB.pdb'; linking object as if no debug info
HAPI_Debug64.lib(MemoryInputStream.obj) : warning LNK4099: PDB 'HAPI_LIB.pdb' was not found with 'HAPI_Debug64.lib(MemoryInputStream.obj)' or at 'D:\Programming\C++\GEC\HAPI_Start\x64\Debug\HAPI_LIB.pdb'; linking object as if no debug info
HAPI_Debug64.lib(Mutex.obj) : warning LNK4099: PDB 'HAPI_LIB.pdb' was not found with 'HAPI_Debug64.lib(Mutex.obj)' or at 'D:\Programming\C++\GEC\HAPI_Start\x64\Debug\HAPI_LIB.pdb'; linking object as if no debug info
HAPI_Debug64.lib(Sleep.obj) : warning LNK4099: PDB 'HAPI_LIB.pdb' was not found with 'HAPI_Debug64.lib(Sleep.obj)' or at 'D:\Programming\C++\GEC\HAPI_Start\x64\Debug\HAPI_LIB.pdb'; linking object as if no debug info
HAPI_Debug64.lib(String.obj) : warning LNK4099: PDB 'HAPI_LIB.pdb' was not found with 'HAPI_Debug64.lib(String.obj)' or at 'D:\Programming\C++\GEC\HAPI_Start\x64\Debug\HAPI_LIB.pdb'; linking object as if no debug info
HAPI_Debug64.lib(Thread.obj) : warning LNK4099: PDB 'HAPI_LIB.pdb' was not found with 'HAPI_Debug64.lib(Thread.obj)' or at 'D:\Programming\C++\GEC\HAPI_Start\x64\Debug\HAPI_LIB.pdb'; linking object as if no debug info
HAPI_Debug64.lib(ThreadLocal.obj) : warning LNK4099: PDB 'HAPI_LIB.pdb' was not found with 'HAPI_Debug64.lib(ThreadLocal.obj)' or at 'D:\Programming\C++\GEC\HAPI_Start\x64\Debug\HAPI_LIB.pdb'; linking object as if no debug info
HAPI_Debug64.lib(Time.obj) : warning LNK4099: PDB 'HAPI_LIB.pdb' was not found with 'HAPI_Debug64.lib(Time.obj)' or at 'D:\Programming\C++\GEC\HAPI_Start\x64\Debug\HAPI_LIB.pdb'; linking object as if no debug info
HAPI_Debug64.lib(ClockImpl.obj) : warning LNK4099: PDB 'HAPI_LIB.pdb' was not found with 'HAPI_Debug64.lib(ClockImpl.obj)' or at 'D:\Programming\C++\GEC\HAPI_Start\x64\Debug\HAPI_LIB.pdb'; linking object as if no debug info
HAPI_Debug64.lib(MutexImpl.obj) : warning LNK4099: PDB 'HAPI_LIB.pdb' was not found with 'HAPI_Debug64.lib(MutexImpl.obj)' or at 'D:\Programming\C++\GEC\HAPI_Start\x64\Debug\HAPI_LIB.pdb'; linking object as if no debug info
HAPI_Debug64.lib(SleepImpl.obj) : warning LNK4099: PDB 'HAPI_LIB.pdb' was not found with 'HAPI_Debug64.lib(SleepImpl.obj)' or at 'D:\Programming\C++\GEC\HAPI_Start\x64\Debug\HAPI_LIB.pdb'; linking object as if no debug info
HAPI_Debug64.lib(ThreadImpl.obj) : warning LNK4099: PDB 'HAPI_LIB.pdb' was not found with 'HAPI_Debug64.lib(ThreadImpl.obj)' or at 'D:\Programming\C++\GEC\HAPI_Start\x64\Debug\HAPI_LIB.pdb'; linking object as if no debug info
HAPI_Debug64.lib(ThreadLocalImpl.obj) : warning LNK4099: PDB 'HAPI_LIB.pdb' was not found with 'HAPI_Debug64.lib(ThreadLocalImpl.obj)' or at 'D:\Programming\C++\GEC\HAPI_Start\x64\Debug\HAPI_LIB.pdb'; linking object as if no debug info
HAPI_Debug64.lib(Context.obj) : warning LNK4099: PDB 'HAPI_LIB.pdb' was not found with 'HAPI_Debug64.lib(Context.obj)' or at 'D:\Programming\C++\GEC\HAPI_Start\x64\Debug\HAPI_LIB.pdb'; linking object as if no debug info
HAPI_Debug64.lib(Cursor.obj) : warning LNK4099: PDB 'HAPI_LIB.pdb' was not found with 'HAPI_Debug64.lib(Cursor.obj)' or at 'D:\Programming\C++\GEC\HAPI_Start\x64\Debug\HAPI_LIB.pdb'; linking object as if no debug info
HAPI_Debug64.lib(GlContext.obj) : warning LNK4099: PDB 'HAPI_LIB.pdb' was not found with 'HAPI_Debug64.lib(GlContext.obj)' or at 'D:\Programming\C++\GEC\HAPI_Start\x64\Debug\HAPI_LIB.pdb'; linking object as if no debug info
HAPI_Debug64.lib(GlResource.obj) : warning LNK4099: PDB 'HAPI_LIB.pdb' was not found with 'HAPI_Debug64.lib(GlResource.obj)' or at 'D:\Programming\C++\GEC\HAPI_Start\x64\Debug\HAPI_LIB.pdb'; linking object as if no debug info
HAPI_Debug64.lib(Joystick.obj) : warning LNK4099: PDB 'HAPI_LIB.pdb' was not found with 'HAPI_Debug64.lib(Joystick.obj)' or at 'D:\Programming\C++\GEC\HAPI_Start\x64\Debug\HAPI_LIB.pdb'; linking object as if no debug info
HAPI_Debug64.lib(JoystickManager.obj) : warning LNK4099: PDB 'HAPI_LIB.pdb' was not found with 'HAPI_Debug64.lib(JoystickManager.obj)' or at 'D:\Programming\C++\GEC\HAPI_Start\x64\Debug\HAPI_LIB.pdb'; linking object as if no debug info
HAPI_Debug64.lib(SensorManager.obj) : warning LNK4099: PDB 'HAPI_LIB.pdb' was not found with 'HAPI_Debug64.lib(SensorManager.obj)' or at 'D:\Programming\C++\GEC\HAPI_Start\x64\Debug\HAPI_LIB.pdb'; linking object as if no debug info
HAPI_Debug64.lib(VideoMode.obj) : warning LNK4099: PDB 'HAPI_LIB.pdb' was not found with 'HAPI_Debug64.lib(VideoMode.obj)' or at 'D:\Programming\C++\GEC\HAPI_Start\x64\Debug\HAPI_LIB.pdb'; linking object as if no debug info
HAPI_Debug64.lib(CursorImpl.obj) : warning LNK4099: PDB 'HAPI_LIB.pdb' was not found with 'HAPI_Debug64.lib(CursorImpl.obj)' or at 'D:\Programming\C++\GEC\HAPI_Start\x64\Debug\HAPI_LIB.pdb'; linking object as if no debug info
HAPI_Debug64.lib(JoystickImpl.obj) : warning LNK4099: PDB 'HAPI_LIB.pdb' was not found with 'HAPI_Debug64.lib(JoystickImpl.obj)' or at 'D:\Programming\C++\GEC\HAPI_Start\x64\Debug\HAPI_LIB.pdb'; linking object as if no debug info
HAPI_Debug64.lib(SensorImpl.obj) : warning LNK4099: PDB 'HAPI_LIB.pdb' was not found with 'HAPI_Debug64.lib(SensorImpl.obj)' or at 'D:\Programming\C++\GEC\HAPI_Start\x64\Debug\HAPI_LIB.pdb'; linking object as if no debug info
HAPI_Debug64.lib(VideoModeImpl.obj) : warning LNK4099: PDB 'HAPI_LIB.pdb' was not found with 'HAPI_Debug64.lib(VideoModeImpl.obj)' or at 'D:\Programming\C++\GEC\HAPI_Start\x64\Debug\HAPI_LIB.pdb'; linking object as if no debug info
HAPI_Debug64.lib(WglContext.obj) : warning LNK4099: PDB 'HAPI_LIB.pdb' was not found with 'HAPI_Debug64.lib(WglContext.obj)' or at 'D:\Programming\C++\GEC\HAPI_Start\x64\Debug\HAPI_LIB.pdb'; linking object as if no debug info
HAPI_Debug64.lib(WglExtensions.obj) : warning LNK4099: PDB 'HAPI_LIB.pdb' was not found with 'HAPI_Debug64.lib(WglExtensions.obj)' or at 'D:\Programming\C++\GEC\HAPI_Start\x64\Debug\HAPI_LIB.pdb'; linking object as if no debug info
HAPI_Debug64.lib(WindowImplWin32.obj) : warning LNK4099: PDB 'HAPI_LIB.pdb' was not found with 'HAPI_Debug64.lib(WindowImplWin32.obj)' or at 'D:\Programming\C++\GEC\HAPI_Start\x64\Debug\HAPI_LIB.pdb'; linking object as if no debug info
HAPI_Debug64.lib(Window.obj) : warning LNK4099: PDB 'HAPI_LIB.pdb' was not found with 'HAPI_Debug64.lib(Window.obj)' or at 'D:\Programming\C++\GEC\HAPI_Start\x64\Debug\HAPI_LIB.pdb'; linking object as if no debug info
HAPI_Debug64.lib(WindowImpl.obj) : warning LNK4099: PDB 'HAPI_LIB.pdb' was not found with 'HAPI_Debug64.lib(WindowImpl.obj)' or at 'D:\Programming\C++\GEC\HAPI_Start\x64\Debug\HAPI_LIB.pdb'; linking object as if no debug info
HAPI_Debug64.lib(stdafx.obj) : warning LNK4099: PDB 'HAPI_LIB.pdb' was not found with 'HAPI_Debug64.lib(stdafx.obj)' or at 'D:\Programming\C++\GEC\HAPI_Start\x64\Debug\HAPI_LIB.pdb'; linking object as if no debug info
HAPI_Debug64.lib(Utility.obj) : warning LNK4099: PDB 'HAPI_LIB.pdb' was not found with 'HAPI_Debug64.lib(Utility.obj)' or at 'D:\Programming\C++\GEC\HAPI_Start\x64\Debug\HAPI_LIB.pdb'; linking object as if no debug info
  HAPI_Start.vcxproj -> D:\Programming\C++\GEC\HAPI_Start\x64\Debug\HAPI_Start.exe
